<?xml version="1.0" encoding="UTF-8"?>
<testng-results ignored="0" total="1" passed="1" failed="0" skipped="0">
  <reporter-output>
  </reporter-output>
  <suite started-at="2024-06-04T16:35:06 IST" name="Default suite" finished-at="2024-06-04T16:35:18 IST" duration-ms="12223">
    <groups>
    </groups>
    <test started-at="2024-06-04T16:35:06 IST" name="Default test" finished-at="2024-06-04T16:35:18 IST" duration-ms="12223">
      <class name="Parabanktestcases.Parabanktestcase">
        <test-method is-config="true" signature="OpenApp()[pri:0, instance:Parabanktestcases.Parabanktestcase@750e2b97]" started-at="2024-06-04T16:35:06 IST" name="OpenApp" finished-at="2024-06-04T16:35:13 IST" duration-ms="7708" status="PASS">
          <reporter-output>
          </reporter-output>
        </test-method> <!-- OpenApp -->
        <test-method signature="Registration()[pri:0, instance:Parabanktestcases.Parabanktestcase@750e2b97]" started-at="2024-06-04T16:35:13 IST" name="Registration" finished-at="2024-06-04T16:35:18 IST" duration-ms="4344" status="PASS">
          <reporter-output>
          </reporter-output>
        </test-method> <!-- Registration -->
        <test-method is-config="true" signature="CloseApp()[pri:0, instance:Parabanktestcases.Parabanktestcase@750e2b97]" started-at="2024-06-04T16:35:18 IST" name="CloseApp" finished-at="2024-06-04T16:35:18 IST" duration-ms="138" status="PASS">
          <reporter-output>
          </reporter-output>
        </test-method> <!-- CloseApp -->
      </class> <!-- Parabanktestcases.Parabanktestcase -->
    </test> <!-- Default test -->
  </suite> <!-- Default suite -->
</testng-results>
